<?xml version="1.0" encoding="UTF-8"?>
<!-- Generated by org.testng.reporters.JUnitReportReporter -->
<testsuite hostname="DESKTOP-S93A6R2" failures="0" tests="1" name="Script_1.Script_1" time="0.018" errors="0" timestamp="2025-05-22T00:17:30 IST" skipped="0">
  <testcase classname="Script_1.Script_1" name="test2" time="0.018"/>
</testsuite> <!-- Script_1.Script_1 -->
